DEBUG:filelock:Attempting to acquire lock 3173458106592 on D:\Django_app\lock\convert\9b08d4e4011f8e676b3811d470228527.lock
INFO:filelock:Lock 3173458106592 acquired on D:\Django_app\lock\convert\9b08d4e4011f8e676b3811d470228527.lock
DEBUG:asyncio:Using proactor: IocpProactor
DEBUG:asyncio:Using proactor: IocpProactor
DEBUG:h5py._conv:Creating converter from 7 to 5
DEBUG:h5py._conv:Creating converter from 5 to 7
DEBUG:h5py._conv:Creating converter from 7 to 5
DEBUG:h5py._conv:Creating converter from 5 to 7
DEBUG:h5py._conv:Creating converter from 5 to 3
DEBUG:h5py._conv:Creating converter from 3 to 5
DEBUG:filelock:Attempting to release lock 3173458106592 on D:\Django_app\lock\convert\9b08d4e4011f8e676b3811d470228527.lock
INFO:filelock:Lock 3173458106592 released on D:\Django_app\lock\convert\9b08d4e4011f8e676b3811d470228527.lock
WARNING:django.request:Not Found: /images/icon/avatar-04.jpg
WARNING:django.request:Not Found: /images/icon/avatar-05.jpg
WARNING:django.request:Not Found: /images/icon/avatar-001.jpg
WARNING:django.request:Not Found: /images/icon/avatar-06.jpg
WARNING:django.request:Not Found: /images/icon/avatar-04.jpg
WARNING:django.request:Not Found: /images/icon/avatar-06.jpg
WARNING:django.request:Not Found: /images/icon/avatar-05.jpg
DEBUG:filelock:Attempting to acquire lock 3173478792688 on D:\Django_app\lock\convert\9b08d4e4011f8e676b3811d470228527.lock
INFO:filelock:Lock 3173478792688 acquired on D:\Django_app\lock\convert\9b08d4e4011f8e676b3811d470228527.lock
WARNING:django.request:Not Found: /favicon.ico
WARNING:django.request:Not Found: /images/icon/avatar-001.jpg
DEBUG:filelock:Attempting to release lock 3173478792688 on D:\Django_app\lock\convert\9b08d4e4011f8e676b3811d470228527.lock
INFO:filelock:Lock 3173478792688 released on D:\Django_app\lock\convert\9b08d4e4011f8e676b3811d470228527.lock
WARNING:django.request:Not Found: /modelvalidation/setProfile/images/icon/avatar-06.jpg
WARNING:django.request:Not Found: /modelvalidation/setProfile/images/icon/avatar-04.jpg
WARNING:django.request:Not Found: /modelvalidation/setProfile/images/icon/avatar-05.jpg
WARNING:django.request:Not Found: /modelvalidation/setProfile/images/icon/avatar-001.jpg
WARNING:django.request:Not Found: /modelvalidation/setProfile/images/icon/avatar-06.jpg
WARNING:django.request:Not Found: /modelvalidation/setProfile/images/icon/avatar-05.jpg
WARNING:django.request:Not Found: /modelvalidation/setProfile/images/icon/avatar-04.jpg
WARNING:django.request:Not Found: /modelvalidation/setProfile/images/icon/avatar-001.jpg
WARNING:django.request:Not Found: /modelvalidation/question/images/icon/avatar-05.jpg
WARNING:django.request:Not Found: /modelvalidation/question/images/icon/avatar-001.jpg
WARNING:django.request:Not Found: /modelvalidation/question/images/icon/avatar-06.jpg
WARNING:django.request:Not Found: /modelvalidation/question/images/icon/avatar-04.jpg
WARNING:django.request:Not Found: /modelvalidation/question/images/icon/avatar-05.jpg
WARNING:django.request:Not Found: /modelvalidation/question/images/icon/avatar-06.jpg
WARNING:django.request:Not Found: /modelvalidation/question/images/icon/avatar-04.jpg
WARNING:django.request:Not Found: /modelvalidation/question/images/icon/avatar-001.jpg
WARNING:django.request:Not Found: /modelvalidation/VaroReport/images/icon/avatar-06.jpg
WARNING:django.request:Not Found: /modelvalidation/VaroReport/images/icon/avatar-04.jpg
WARNING:django.request:Not Found: /modelvalidation/VaroReport/images/icon/avatar-05.jpg
WARNING:django.request:Not Found: /modelvalidation/VaroReport/images/icon/avatar-001.jpg
WARNING:django.request:Not Found: /modelvalidation/VaroReport/images/icon/avatar-04.jpg
WARNING:django.request:Not Found: /modelvalidation/VaroReport/images/icon/avatar-06.jpg
WARNING:django.request:Not Found: /modelvalidation/VaroReport/images/icon/avatar-05.jpg
WARNING:django.request:Not Found: /modelvalidation/VaroReport/images/icon/avatar-001.jpg
WARNING:django.request:Not Found: /richtexteditor/runtime/richtexteditor_content.css
WARNING:django.request:Not Found: /richtexteditor/runtime/richtexteditor_content.css
INFO:django.utils.autoreload:D:\Django_app\modelvalidation\modelview.py changed, reloading.
INFO:django.utils.autoreload:D:\Django_app\modelvalidation\utilities.py changed, reloading.
INFO:django.utils.autoreload:D:\Django_app\modelvalidation\modelview.py changed, reloading.
WARNING:django.request:Not Found: /modelvalidation/VaroReport/images/icon/avatar-06.jpg
WARNING:django.request:Not Found: /modelvalidation/VaroReport/images/icon/avatar-05.jpg
WARNING:django.request:Not Found: /modelvalidation/VaroReport/images/icon/avatar-04.jpg
WARNING:django.request:Not Found: /modelvalidation/VaroReport/images/icon/avatar-001.jpg
WARNING:django.request:Not Found: /modelvalidation/VaroReport/images/icon/avatar-06.jpg
WARNING:django.request:Not Found: /modelvalidation/VaroReport/images/icon/avatar-04.jpg
WARNING:django.request:Not Found: /modelvalidation/VaroReport/images/icon/avatar-05.jpg
WARNING:django.request:Not Found: /modelvalidation/VaroReport/images/icon/avatar-001.jpg
INFO:django.utils.autoreload:D:\Django_app\modelvalidation\modelview.py changed, reloading.
WARNING:django.request:Not Found: /modelvalidation/VaroReport/images/icon/avatar-05.jpg
WARNING:django.request:Not Found: /modelvalidation/VaroReport/images/icon/avatar-04.jpg
WARNING:django.request:Not Found: /modelvalidation/VaroReport/images/icon/avatar-06.jpg
WARNING:django.request:Not Found: /modelvalidation/VaroReport/images/icon/avatar-001.jpg
WARNING:django.request:Not Found: /modelvalidation/VaroReport/images/icon/avatar-05.jpg
WARNING:django.request:Not Found: /modelvalidation/VaroReport/images/icon/avatar-06.jpg
WARNING:django.request:Not Found: /modelvalidation/VaroReport/images/icon/avatar-04.jpg
WARNING:django.request:Not Found: /modelvalidation/VaroReport/images/icon/avatar-001.jpg
WARNING:django.request:Not Found: /richtexteditor/runtime/richtexteditor_content.css
WARNING:django.request:Not Found: /modelvalidation/VaroReport/images/icon/avatar-06.jpg
WARNING:django.request:Not Found: /modelvalidation/VaroReport/images/icon/avatar-05.jpg
WARNING:django.request:Not Found: /modelvalidation/VaroReport/images/icon/avatar-04.jpg
WARNING:django.request:Not Found: /modelvalidation/VaroReport/images/icon/avatar-001.jpg
WARNING:django.request:Not Found: /modelvalidation/VaroReport/images/icon/avatar-06.jpg
WARNING:django.request:Not Found: /modelvalidation/VaroReport/images/icon/avatar-05.jpg
WARNING:django.request:Not Found: /modelvalidation/VaroReport/images/icon/avatar-04.jpg
WARNING:django.request:Not Found: /modelvalidation/VaroReport/images/icon/avatar-001.jpg
WARNING:django.request:Not Found: /richtexteditor/runtime/richtexteditor_content.css
WARNING:django.request:Not Found: /modelvalidation/VaroReport/images/icon/avatar-05.jpg
WARNING:django.request:Not Found: /modelvalidation/VaroReport/images/icon/avatar-04.jpg
WARNING:django.request:Not Found: /modelvalidation/VaroReport/images/icon/avatar-06.jpg
WARNING:django.request:Not Found: /modelvalidation/VaroReport/images/icon/avatar-001.jpg
WARNING:django.request:Not Found: /modelvalidation/VaroReport/images/icon/avatar-06.jpg
WARNING:django.request:Not Found: /modelvalidation/VaroReport/images/icon/avatar-04.jpg
WARNING:django.request:Not Found: /modelvalidation/VaroReport/images/icon/avatar-05.jpg
WARNING:django.request:Not Found: /modelvalidation/VaroReport/images/icon/avatar-001.jpg
WARNING:django.request:Not Found: /richtexteditor/runtime/richtexteditor_content.css
WARNING:django.request:Not Found: /modelvalidation/VaroReport/images/icon/avatar-04.jpg
WARNING:django.request:Not Found: /modelvalidation/VaroReport/images/icon/avatar-05.jpg
WARNING:django.request:Not Found: /modelvalidation/VaroReport/images/icon/avatar-06.jpg
WARNING:django.request:Not Found: /modelvalidation/VaroReport/images/icon/avatar-001.jpg
WARNING:django.request:Not Found: /modelvalidation/VaroReport/images/icon/avatar-06.jpg
WARNING:django.request:Not Found: /modelvalidation/VaroReport/images/icon/avatar-04.jpg
WARNING:django.request:Not Found: /modelvalidation/VaroReport/images/icon/avatar-05.jpg
WARNING:django.request:Not Found: /modelvalidation/VaroReport/images/icon/avatar-001.jpg
WARNING:django.request:Not Found: /richtexteditor/runtime/richtexteditor_content.css
WARNING:django.request:Not Found: /modelvalidation/VaroReport/images/icon/avatar-04.jpg
WARNING:django.request:Not Found: /modelvalidation/VaroReport/images/icon/avatar-001.jpg
WARNING:django.request:Not Found: /modelvalidation/VaroReport/images/icon/avatar-05.jpg
WARNING:django.request:Not Found: /modelvalidation/VaroReport/images/icon/avatar-06.jpg
WARNING:django.request:Not Found: /modelvalidation/VaroReport/images/icon/avatar-04.jpg
WARNING:django.request:Not Found: /modelvalidation/VaroReport/images/icon/avatar-05.jpg
WARNING:django.request:Not Found: /modelvalidation/VaroReport/images/icon/avatar-06.jpg
WARNING:django.request:Not Found: /modelvalidation/VaroReport/images/icon/avatar-001.jpg
WARNING:django.request:Not Found: /richtexteditor/runtime/richtexteditor_content.css
WARNING:django.request:Not Found: /modelvalidation/VaroReport/images/icon/avatar-06.jpg
WARNING:django.request:Not Found: /modelvalidation/VaroReport/images/icon/avatar-04.jpg
WARNING:django.request:Not Found: /modelvalidation/VaroReport/images/icon/avatar-001.jpg
WARNING:django.request:Not Found: /modelvalidation/VaroReport/images/icon/avatar-05.jpg
WARNING:django.request:Not Found: /modelvalidation/VaroReport/images/icon/avatar-06.jpg
WARNING:django.request:Not Found: /modelvalidation/VaroReport/images/icon/avatar-04.jpg
WARNING:django.request:Not Found: /modelvalidation/VaroReport/images/icon/avatar-05.jpg
WARNING:django.request:Not Found: /modelvalidation/VaroReport/images/icon/avatar-001.jpg
WARNING:django.request:Not Found: /richtexteditor/runtime/richtexteditor_content.css
WARNING:django.request:Not Found: /richtexteditor/runtime/richtexteditor_content.css
WARNING:django.request:Not Found: /modelvalidation/VaroReport/images/icon/avatar-06.jpg
WARNING:django.request:Not Found: /modelvalidation/VaroReport/images/icon/avatar-04.jpg
WARNING:django.request:Not Found: /modelvalidation/VaroReport/images/icon/avatar-05.jpg
WARNING:django.request:Not Found: /modelvalidation/VaroReport/images/icon/avatar-001.jpg
WARNING:django.request:Not Found: /modelvalidation/VaroReport/images/icon/avatar-06.jpg
WARNING:django.request:Not Found: /modelvalidation/VaroReport/images/icon/avatar-04.jpg
WARNING:django.request:Not Found: /modelvalidation/VaroReport/images/icon/avatar-05.jpg
WARNING:django.request:Not Found: /modelvalidation/VaroReport/images/icon/avatar-001.jpg
WARNING:django.request:Not Found: /richtexteditor/runtime/richtexteditor_content.css
WARNING:django.request:Not Found: /richtexteditor/runtime/richtexteditor_content.css
WARNING:django.request:Not Found: /modelvalidation/VaroReport/images/icon/avatar-06.jpg
WARNING:django.request:Not Found: /modelvalidation/VaroReport/images/icon/avatar-04.jpg
WARNING:django.request:Not Found: /modelvalidation/VaroReport/images/icon/avatar-001.jpg
WARNING:django.request:Not Found: /modelvalidation/VaroReport/images/icon/avatar-05.jpg
WARNING:django.request:Not Found: /favicon.ico
WARNING:django.request:Not Found: /richtexteditor/runtime/richtexteditor_content.css
WARNING:django.request:Not Found: /modelvalidation/VaroReport/images/icon/avatar-06.jpg
WARNING:django.request:Not Found: /modelvalidation/VaroReport/images/icon/avatar-04.jpg
WARNING:django.request:Not Found: /modelvalidation/VaroReport/images/icon/avatar-05.jpg
WARNING:django.request:Not Found: /modelvalidation/VaroReport/images/icon/avatar-001.jpg
WARNING:django.request:Not Found: /modelvalidation/VaroReport/images/icon/avatar-06.jpg
WARNING:django.request:Not Found: /modelvalidation/VaroReport/images/icon/avatar-04.jpg
WARNING:django.request:Not Found: /modelvalidation/VaroReport/images/icon/avatar-05.jpg
WARNING:django.request:Not Found: /modelvalidation/VaroReport/images/icon/avatar-001.jpg
WARNING:django.request:Not Found: /richtexteditor/runtime/richtexteditor_content.css
WARNING:django.request:Not Found: /modelvalidation/VaroReport/images/icon/avatar-04.jpg
WARNING:django.request:Not Found: /modelvalidation/VaroReport/images/icon/avatar-001.jpg
WARNING:django.request:Not Found: /modelvalidation/VaroReport/images/icon/avatar-05.jpg
WARNING:django.request:Not Found: /modelvalidation/VaroReport/images/icon/avatar-06.jpg
WARNING:django.request:Not Found: /modelvalidation/VaroReport/images/icon/avatar-001.jpg
WARNING:django.request:Not Found: /modelvalidation/VaroReport/images/icon/avatar-05.jpg
WARNING:django.request:Not Found: /modelvalidation/VaroReport/images/icon/avatar-04.jpg
WARNING:django.request:Not Found: /modelvalidation/VaroReport/images/icon/avatar-06.jpg
WARNING:django.request:Not Found: /richtexteditor/runtime/richtexteditor_content.css
WARNING:django.request:Not Found: /modelvalidation/VaroReport/images/icon/avatar-05.jpg
WARNING:django.request:Not Found: /modelvalidation/VaroReport/images/icon/avatar-06.jpg
WARNING:django.request:Not Found: /modelvalidation/VaroReport/images/icon/avatar-04.jpg
WARNING:django.request:Not Found: /modelvalidation/VaroReport/images/icon/avatar-001.jpg
WARNING:django.request:Not Found: /modelvalidation/VaroReport/images/icon/avatar-06.jpg
WARNING:django.request:Not Found: /modelvalidation/VaroReport/images/icon/avatar-001.jpg
WARNING:django.request:Not Found: /modelvalidation/VaroReport/images/icon/avatar-04.jpg
WARNING:django.request:Not Found: /modelvalidation/VaroReport/images/icon/avatar-05.jpg
WARNING:django.request:Not Found: /favicon.ico
WARNING:django.request:Not Found: /richtexteditor/runtime/richtexteditor_content.css
WARNING:django.request:Not Found: /modelvalidation/VaroReport/images/icon/avatar-06.jpg
WARNING:django.request:Not Found: /modelvalidation/VaroReport/images/icon/avatar-04.jpg
WARNING:django.request:Not Found: /modelvalidation/VaroReport/images/icon/avatar-05.jpg
WARNING:django.request:Not Found: /modelvalidation/VaroReport/images/icon/avatar-001.jpg
WARNING:django.request:Not Found: /modelvalidation/VaroReport/images/icon/avatar-06.jpg
WARNING:django.request:Not Found: /modelvalidation/VaroReport/images/icon/avatar-001.jpg
WARNING:django.request:Not Found: /modelvalidation/VaroReport/images/icon/avatar-05.jpg
WARNING:django.request:Not Found: /modelvalidation/VaroReport/images/icon/avatar-04.jpg
WARNING:django.request:Not Found: /favicon.ico
WARNING:django.request:Not Found: /richtexteditor/runtime/richtexteditor_content.css
WARNING:django.request:Not Found: /modelvalidation/VaroReport/images/icon/avatar-06.jpg
WARNING:django.request:Not Found: /modelvalidation/VaroReport/images/icon/avatar-05.jpg
WARNING:django.request:Not Found: /modelvalidation/VaroReport/images/icon/avatar-06.jpg
WARNING:django.request:Not Found: /modelvalidation/VaroReport/images/icon/avatar-04.jpg
WARNING:django.request:Not Found: /modelvalidation/VaroReport/images/icon/avatar-001.jpg
WARNING:django.request:Not Found: /modelvalidation/VaroReport/images/icon/avatar-001.jpg
WARNING:django.request:Not Found: /modelvalidation/VaroReport/images/icon/avatar-04.jpg
WARNING:django.request:Not Found: /modelvalidation/VaroReport/images/icon/avatar-06.jpg
WARNING:django.request:Not Found: /modelvalidation/VaroReport/images/icon/avatar-05.jpg
WARNING:django.request:Not Found: /richtexteditor/runtime/richtexteditor_content.css
WARNING:django.request:Not Found: /modelvalidation/VaroReport/images/icon/avatar-05.jpg
WARNING:django.request:Not Found: /modelvalidation/VaroReport/images/icon/avatar-06.jpg
WARNING:django.request:Not Found: /modelvalidation/VaroReport/images/icon/avatar-04.jpg
WARNING:django.request:Not Found: /modelvalidation/VaroReport/images/icon/avatar-001.jpg
WARNING:django.request:Not Found: /modelvalidation/VaroReport/images/icon/avatar-05.jpg
WARNING:django.request:Not Found: /modelvalidation/VaroReport/images/icon/avatar-04.jpg
WARNING:django.request:Not Found: /modelvalidation/VaroReport/images/icon/avatar-06.jpg
WARNING:django.request:Not Found: /modelvalidation/VaroReport/images/icon/avatar-001.jpg
WARNING:django.request:Not Found: /favicon.ico
WARNING:django.request:Not Found: /richtexteditor/runtime/richtexteditor_content.css
WARNING:django.request:Not Found: /modelvalidation/VaroReport/images/icon/avatar-05.jpg
WARNING:django.request:Not Found: /modelvalidation/VaroReport/images/icon/avatar-06.jpg
WARNING:django.request:Not Found: /modelvalidation/VaroReport/images/icon/avatar-04.jpg
WARNING:django.request:Not Found: /modelvalidation/VaroReport/images/icon/avatar-04.jpg
WARNING:django.request:Not Found: /modelvalidation/VaroReport/images/icon/avatar-001.jpg
WARNING:django.request:Not Found: /modelvalidation/VaroReport/images/icon/avatar-04.jpg
WARNING:django.request:Not Found: /modelvalidation/VaroReport/images/icon/avatar-06.jpg
WARNING:django.request:Not Found: /modelvalidation/VaroReport/images/icon/avatar-05.jpg
WARNING:django.request:Not Found: /modelvalidation/VaroReport/images/icon/avatar-001.jpg
WARNING:django.request:Not Found: /favicon.ico
WARNING:django.request:Not Found: /richtexteditor/runtime/richtexteditor_content.css
WARNING:django.request:Not Found: /modelvalidation/VaroReport/images/icon/avatar-06.jpg
WARNING:django.request:Not Found: /modelvalidation/VaroReport/images/icon/avatar-04.jpg
WARNING:django.request:Not Found: /modelvalidation/VaroReport/images/icon/avatar-05.jpg
WARNING:django.request:Not Found: /modelvalidation/VaroReport/images/icon/avatar-06.jpg
WARNING:django.request:Not Found: /modelvalidation/VaroReport/images/icon/avatar-001.jpg
WARNING:django.request:Not Found: /modelvalidation/VaroReport/images/icon/avatar-06.jpg
WARNING:django.request:Not Found: /modelvalidation/VaroReport/images/icon/avatar-001.jpg
WARNING:django.request:Not Found: /modelvalidation/VaroReport/images/icon/avatar-04.jpg
WARNING:django.request:Not Found: /modelvalidation/VaroReport/images/icon/avatar-05.jpg
WARNING:django.request:Not Found: /favicon.ico
WARNING:django.request:Not Found: /richtexteditor/runtime/richtexteditor_content.css
WARNING:django.request:Not Found: /modelvalidation/VaroReport/images/icon/avatar-04.jpg
WARNING:django.request:Not Found: /modelvalidation/VaroReport/images/icon/avatar-06.jpg
WARNING:django.request:Not Found: /modelvalidation/VaroReport/images/icon/avatar-05.jpg
WARNING:django.request:Not Found: /modelvalidation/VaroReport/images/icon/avatar-04.jpg
WARNING:django.request:Not Found: /modelvalidation/VaroReport/images/icon/avatar-001.jpg
WARNING:django.request:Not Found: /modelvalidation/VaroReport/images/icon/avatar-05.jpg
WARNING:django.request:Not Found: /modelvalidation/VaroReport/images/icon/avatar-04.jpg
WARNING:django.request:Not Found: /modelvalidation/VaroReport/images/icon/avatar-06.jpg
WARNING:django.request:Not Found: /modelvalidation/VaroReport/images/icon/avatar-001.jpg
WARNING:django.request:Not Found: /favicon.ico
WARNING:django.request:Not Found: /richtexteditor/runtime/richtexteditor_content.css
WARNING:django.request:Not Found: /modelvalidation/VaroReport/images/icon/avatar-05.jpg
WARNING:django.request:Not Found: /modelvalidation/VaroReport/images/icon/avatar-04.jpg
WARNING:django.request:Not Found: /modelvalidation/VaroReport/images/icon/avatar-06.jpg
WARNING:django.request:Not Found: /modelvalidation/VaroReport/images/icon/avatar-001.jpg
WARNING:django.request:Not Found: /modelvalidation/VaroReport/images/icon/avatar-001.jpg
WARNING:django.request:Not Found: /modelvalidation/VaroReport/images/icon/avatar-05.jpg
WARNING:django.request:Not Found: /modelvalidation/VaroReport/images/icon/avatar-04.jpg
WARNING:django.request:Not Found: /modelvalidation/VaroReport/images/icon/avatar-06.jpg
WARNING:django.request:Not Found: /favicon.ico
WARNING:django.request:Not Found: /richtexteditor/runtime/richtexteditor_content.css
WARNING:django.request:Not Found: /modelvalidation/VaroReport/images/icon/avatar-06.jpg
WARNING:django.request:Not Found: /modelvalidation/VaroReport/images/icon/avatar-04.jpg
WARNING:django.request:Not Found: /modelvalidation/VaroReport/images/icon/avatar-06.jpg
WARNING:django.request:Not Found: /modelvalidation/VaroReport/images/icon/avatar-05.jpg
WARNING:django.request:Not Found: /modelvalidation/VaroReport/images/icon/avatar-06.jpg
WARNING:django.request:Not Found: /modelvalidation/VaroReport/images/icon/avatar-04.jpg
WARNING:django.request:Not Found: /modelvalidation/VaroReport/images/icon/avatar-05.jpg
WARNING:django.request:Not Found: /modelvalidation/VaroReport/images/icon/avatar-001.jpg
WARNING:django.request:Not Found: /richtexteditor/runtime/richtexteditor_content.css
WARNING:django.request:Not Found: /modelvalidation/VaroReport/images/icon/avatar-06.jpg
WARNING:django.request:Not Found: /modelvalidation/VaroReport/images/icon/avatar-04.jpg
WARNING:django.request:Not Found: /modelvalidation/VaroReport/images/icon/avatar-05.jpg
WARNING:django.request:Not Found: /modelvalidation/VaroReport/images/icon/avatar-001.jpg
WARNING:django.request:Not Found: /modelvalidation/VaroReport/images/icon/avatar-06.jpg
WARNING:django.request:Not Found: /modelvalidation/VaroReport/images/icon/avatar-04.jpg
WARNING:django.request:Not Found: /modelvalidation/VaroReport/images/icon/avatar-001.jpg
WARNING:django.request:Not Found: /modelvalidation/VaroReport/images/icon/avatar-05.jpg
WARNING:django.request:Not Found: /richtexteditor/runtime/richtexteditor_content.css
WARNING:django.request:Not Found: /modelvalidation/VaroReport/images/icon/avatar-06.jpg
WARNING:django.request:Not Found: /modelvalidation/VaroReport/images/icon/avatar-04.jpg
WARNING:django.request:Not Found: /modelvalidation/VaroReport/images/icon/avatar-05.jpg
WARNING:django.request:Not Found: /modelvalidation/VaroReport/images/icon/avatar-001.jpg
WARNING:django.request:Not Found: /modelvalidation/VaroReport/images/icon/avatar-06.jpg
WARNING:django.request:Not Found: /modelvalidation/VaroReport/images/icon/avatar-04.jpg
WARNING:django.request:Not Found: /modelvalidation/VaroReport/images/icon/avatar-05.jpg
WARNING:django.request:Not Found: /modelvalidation/VaroReport/images/icon/avatar-001.jpg
WARNING:django.request:Not Found: /favicon.ico
WARNING:django.request:Not Found: /richtexteditor/runtime/richtexteditor_content.css
WARNING:django.request:Not Found: /modelvalidation/VaroReport/images/icon/avatar-05.jpg
WARNING:django.request:Not Found: /modelvalidation/VaroReport/images/icon/avatar-04.jpg
WARNING:django.request:Not Found: /modelvalidation/VaroReport/images/icon/avatar-06.jpg
WARNING:django.request:Not Found: /modelvalidation/VaroReport/images/icon/avatar-001.jpg
WARNING:django.request:Not Found: /modelvalidation/VaroReport/images/icon/avatar-06.jpg
WARNING:django.request:Not Found: /modelvalidation/VaroReport/images/icon/avatar-05.jpg
WARNING:django.request:Not Found: /modelvalidation/VaroReport/images/icon/avatar-001.jpg
WARNING:django.request:Not Found: /modelvalidation/VaroReport/images/icon/avatar-04.jpg
WARNING:django.request:Not Found: /favicon.ico
WARNING:django.request:Not Found: /richtexteditor/runtime/richtexteditor_content.css
WARNING:django.request:Not Found: /modelvalidation/VaroReport/images/icon/avatar-06.jpg
WARNING:django.request:Not Found: /modelvalidation/VaroReport/images/icon/avatar-04.jpg
WARNING:django.request:Not Found: /modelvalidation/VaroReport/images/icon/avatar-05.jpg
WARNING:django.request:Not Found: /modelvalidation/VaroReport/images/icon/avatar-001.jpg
WARNING:django.request:Not Found: /modelvalidation/VaroReport/images/icon/avatar-06.jpg
WARNING:django.request:Not Found: /modelvalidation/VaroReport/images/icon/avatar-04.jpg
WARNING:django.request:Not Found: /modelvalidation/VaroReport/images/icon/avatar-05.jpg
WARNING:django.request:Not Found: /modelvalidation/VaroReport/images/icon/avatar-001.jpg
WARNING:django.request:Not Found: /richtexteditor/runtime/richtexteditor_content.css
WARNING:django.request:Not Found: /modelvalidation/VaroReport/images/icon/avatar-06.jpg
WARNING:django.request:Not Found: /modelvalidation/VaroReport/images/icon/avatar-04.jpg
WARNING:django.request:Not Found: /modelvalidation/VaroReport/images/icon/avatar-05.jpg
WARNING:django.request:Not Found: /modelvalidation/VaroReport/images/icon/avatar-001.jpg
WARNING:django.request:Not Found: /modelvalidation/VaroReport/images/icon/avatar-06.jpg
WARNING:django.request:Not Found: /modelvalidation/VaroReport/images/icon/avatar-05.jpg
WARNING:django.request:Not Found: /modelvalidation/VaroReport/images/icon/avatar-04.jpg
WARNING:django.request:Not Found: /modelvalidation/VaroReport/images/icon/avatar-001.jpg
WARNING:django.request:Not Found: /modelvalidation/VaroReport/images/icon/avatar-05.jpg
WARNING:django.request:Not Found: /modelvalidation/VaroReport/images/icon/avatar-06.jpg
WARNING:django.request:Not Found: /modelvalidation/VaroReport/images/icon/avatar-04.jpg
WARNING:django.request:Not Found: /modelvalidation/VaroReport/images/icon/avatar-001.jpg
WARNING:django.request:Not Found: /modelvalidation/VaroReport/images/icon/avatar-05.jpg
WARNING:django.request:Not Found: /modelvalidation/VaroReport/images/icon/avatar-04.jpg
WARNING:django.request:Not Found: /modelvalidation/VaroReport/images/icon/avatar-06.jpg
WARNING:django.request:Not Found: /modelvalidation/VaroReport/images/icon/avatar-001.jpg
WARNING:django.request:Not Found: /modelvalidation/VaroReport/images/icon/avatar-06.jpg
WARNING:django.request:Not Found: /modelvalidation/VaroReport/images/icon/avatar-04.jpg
WARNING:django.request:Not Found: /modelvalidation/VaroReport/images/icon/avatar-05.jpg
WARNING:django.request:Not Found: /modelvalidation/VaroReport/images/icon/avatar-001.jpg
WARNING:django.request:Not Found: /modelvalidation/VaroReport/images/icon/avatar-001.jpg
WARNING:django.request:Not Found: /modelvalidation/VaroReport/images/icon/avatar-05.jpg
WARNING:django.request:Not Found: /modelvalidation/VaroReport/images/icon/avatar-06.jpg
WARNING:django.request:Not Found: /modelvalidation/VaroReport/images/icon/avatar-04.jpg
WARNING:django.request:Not Found: /richtexteditor/runtime/richtexteditor_content.css
WARNING:django.request:Not Found: /modelvalidation/VaroReport/images/icon/avatar-05.jpg
WARNING:django.request:Not Found: /modelvalidation/VaroReport/images/icon/avatar-06.jpg
WARNING:django.request:Not Found: /modelvalidation/VaroReport/images/icon/avatar-04.jpg
WARNING:django.request:Not Found: /modelvalidation/VaroReport/images/icon/avatar-001.jpg
WARNING:django.request:Not Found: /modelvalidation/VaroReport/images/icon/avatar-05.jpg
WARNING:django.request:Not Found: /modelvalidation/VaroReport/images/icon/avatar-04.jpg
WARNING:django.request:Not Found: /modelvalidation/VaroReport/images/icon/avatar-06.jpg
WARNING:django.request:Not Found: /modelvalidation/VaroReport/images/icon/avatar-001.jpg
WARNING:django.request:Not Found: /richtexteditor/runtime/richtexteditor_content.css
WARNING:django.request:Not Found: /modelvalidation/VaroReport/images/icon/avatar-05.jpg
WARNING:django.request:Not Found: /modelvalidation/VaroReport/images/icon/avatar-04.jpg
WARNING:django.request:Not Found: /modelvalidation/VaroReport/images/icon/avatar-06.jpg
WARNING:django.request:Not Found: /modelvalidation/VaroReport/images/icon/avatar-001.jpg
DEBUG:fpdf.fpdf:Final doc sections size summary:
DEBUG:fpdf.fpdf:- header.size: 9.0B
DEBUG:fpdf.fpdf:- pages.size: 747.0B
DEBUG:fpdf.fpdf:- resources.fonts.size: 96.0B
DEBUG:fpdf.fpdf:- resources.images.size: 0.0B
DEBUG:fpdf.fpdf:- resources.gfxstate.size: 0.0B
DEBUG:fpdf.fpdf:- resources.dict.size: 104.0B
DEBUG:fpdf.fpdf:- info.size: 61.0B
DEBUG:fpdf.fpdf:- catalog.size: 103.0B
DEBUG:fpdf.fpdf:- xref.size: 169.0B
DEBUG:fpdf.fpdf:- trailer.size: 61.0B
WARNING:django.request:Not Found: /modelvalidation/viewDataType/images/icon/avatar-06.jpg
WARNING:django.request:Not Found: /modelvalidation/viewDataType/images/icon/avatar-04.jpg
WARNING:django.request:Not Found: /modelvalidation/viewDataType/images/icon/avatar-001.jpg
WARNING:django.request:Not Found: /modelvalidation/viewDataType/images/icon/avatar-05.jpg
DEBUG:fpdf.fpdf:Final doc sections size summary:
DEBUG:fpdf.fpdf:- header.size: 9.0B
DEBUG:fpdf.fpdf:- pages.size: 747.0B
DEBUG:fpdf.fpdf:- resources.fonts.size: 96.0B
DEBUG:fpdf.fpdf:- resources.images.size: 0.0B
DEBUG:fpdf.fpdf:- resources.gfxstate.size: 0.0B
WARNING:django.request:Not Found: /modelvalidation/viewDataType/images/icon/avatar-06.jpg
DEBUG:fpdf.fpdf:- resources.dict.size: 104.0B
DEBUG:fpdf.fpdf:- info.size: 61.0B
DEBUG:fpdf.fpdf:- catalog.size: 103.0B
WARNING:django.request:Not Found: /modelvalidation/viewDataType/images/icon/avatar-05.jpg
DEBUG:fpdf.fpdf:- xref.size: 169.0B
WARNING:django.request:Not Found: /modelvalidation/viewDataType/images/icon/avatar-001.jpg
DEBUG:fpdf.fpdf:- trailer.size: 61.0B
WARNING:django.request:Not Found: /modelvalidation/viewDataType/images/icon/avatar-04.jpg
INFO:django.utils.autoreload:D:\Django_app\modelvalidation\views.py changed, reloading.
WARNING:django.request:Not Found: /modelvalidation/processStatus/images/icon/avatar-04.jpg
WARNING:django.request:Not Found: /modelvalidation/processStatus/images/icon/avatar-001.jpg
WARNING:django.request:Not Found: /modelvalidation/processStatus/images/icon/avatar-05.jpg
WARNING:django.request:Not Found: /modelvalidation/processStatus/images/icon/avatar-06.jpg
WARNING:django.request:Not Found: /modelvalidation/processStatus/images/icon/avatar-06.jpg
WARNING:django.request:Not Found: /modelvalidation/processStatus/images/icon/avatar-06.jpg
WARNING:django.request:Not Found: /modelvalidation/processStatus/images/icon/avatar-04.jpg
WARNING:django.request:Not Found: /modelvalidation/processStatus/images/icon/avatar-05.jpg
WARNING:django.request:Not Found: /modelvalidation/processStatus/images/icon/avatar-001.jpg
